[INFO] 2025-06-26 00:39:35 - Processing file: /app/data/Giuseppe872_Haley279_0d7ad451-ac1b-dc0e-48bd-e0a8e1de4f15.json
[INFO] 2025-06-26 00:39:35 - Processing file: /app/data/Harold594_Grimes165_2d6c10cf-fade-6e45-0064-674792ff5ef1.json
[INFO] 2025-06-26 00:39:35 - Processing file: /app/data/Marian936_Gleason633_c7eef66d-c5b9-f4da-bf58-550a8077ded6.json
[INFO] 2025-06-26 00:39:35 - Processing file: /app/data/Sachiko982_Gulgowski816_89ba9a77-7aed-6cb8-6795-fb21f0ec237c.json
[INFO] 2025-06-26 00:39:35 - Processing file: /app/data/Marianna323_Champlin946_f8c09661-fcd1-eeea-d61e-478109235532.json
[INFO] 2025-06-26 00:39:35 - Processing file: /app/data/Leonardo412_Schuppe920_10bf6da8-ffa1-6913-a119-726634be754c.json
[INFO] 2025-06-26 00:39:35 - Processing file: /app/data/Aaron697_Jerde200_6fa23508-960e-ff22-c3d0-0519a036543b.json
[INFO] 2025-06-26 00:39:35 - Processing file: /app/data/Luanne915_Predovic534_d3406315-0e5e-e5e3-da71-b3c9802bd004.json
[INFO] 2025-06-26 00:39:35 - Processing file: /app/data/Jana258_Nikolaus26_9ebde11e-7248-e63c-25f9-4b793c3a5065.json
[INFO] 2025-06-26 00:39:35 - Processing file: /app/data/Loyd638_Hackett68_98ff843c-4be7-b0aa-cc4f-0462d049ecb8.json
[INFO] 2025-06-26 00:39:35 - Processing file: /app/data/Evon528_Hayes766_ac00ac90-9af7-5b4f-aca4-8b1b9990fc1a.json
[INFO] 2025-06-26 00:39:35 - Processing file: /app/data/Lesley194_Ebert178_6f1df156-8793-56a0-6df1-570bca4dcc07.json
[INFO] 2025-06-26 00:39:35 - Processing file: /app/data/Bobbi508_Beer512_b8c71fe0-e911-205e-19c3-b92e88e5b5a6.json
[INFO] 2025-06-26 00:39:35 - Processing file: /app/data/Kelli207_Crooks415_5310622a-3368-34f0-c14a-b992c71e7d59.json
[INFO] 2025-06-26 00:39:36 - Processing file: /app/data/Chase54_Klocko335_b0478b4f-16f2-af38-d199-44db19304df2.json
[INFO] 2025-06-26 00:39:36 - Processing file: /app/data/Rubin812_Quigley282_ac56a3df-7399-e895-2a6e-6ae757f3f4a5.json
[INFO] 2025-06-26 00:39:36 - Processing file: /app/data/Aaron697_Dickens475_8c95253e-8ee8-9ae8-6d40-021d702dc78e.json
[INFO] 2025-06-26 00:39:36 - Processing file: /app/data/Lesli455_Prohaska837_126a7e7a-958b-428b-907d-f2aa4fd7236b.json
[INFO] 2025-06-26 00:39:36 - Processing file: /app/data/Gonzalo160_Bañuelos542_720d476c-6392-bc86-3640-bf2ee18d071a.json
[INFO] 2025-06-26 00:39:36 - Processing file: /app/data/Glen190_Glover433_3d496c42-21f9-8e42-aa2b-d021a1b79d46.json
[INFO] 2025-06-26 00:39:36 - Processing file: /app/data/Bill567_Breitenberg711_1029f880-d3db-f477-9da3-f59c14ed22c6.json
[INFO] 2025-06-26 00:39:36 - Processing file: /app/data/Leslie90_Weissnat378_a8e9746e-f807-bbb1-bdc1-83ade842694d.json
[INFO] 2025-06-26 00:39:36 - Processing file: /app/data/Cherie102_Reinger292_64cdd7b0-d5a5-ca8a-4b03-3db12d7534be.json
[INFO] 2025-06-26 00:39:36 - Processing file: /app/data/Georgiana151_Jacobi462_e94401de-18ad-e190-9113-ee5ff31b1439.json
[INFO] 2025-06-26 00:39:36 - Processing file: /app/data/Kayce253_Johns824_b0bccf43-3bf5-217c-7315-9e44d106bb6b.json
[INFO] 2025-06-26 00:39:36 - Processing file: /app/data/Delfina519_Murphy561_cf3ce382-cceb-1557-89ac-b751a9e0e65d.json
[INFO] 2025-06-26 00:39:36 - Processing file: /app/data/Harland508_Hintz995_a57f2290-27ed-6117-2989-f42ef6d291ab.json
[INFO] 2025-06-26 00:39:36 - Processing file: /app/data/Delia459_Beier427_1ba50d39-8105-69de-09de-c6d5358b3cb6.json
[INFO] 2025-06-26 00:39:36 - Processing file: /app/data/Jan231_Weber641_fae4f7e3-622f-290c-068f-6d03e71dd5c9.json
[INFO] 2025-06-26 00:39:36 - Processing file: /app/data/Georgann131_Hansen121_839e7cf9-b7d6-da6c-70bb-c151bf5c1c61.json
[INFO] 2025-06-26 00:39:36 - Processing file: /app/data/Gus973_Windler79_09e292d4-f186-331c-ed95-c503acabc54e.json
[INFO] 2025-06-26 00:39:36 - Processing file: /app/data/Jane262_Strosin214_46b22d89-fe1a-3cf7-7ecb-b16c7390103f.json
[INFO] 2025-06-26 00:39:36 - Processing file: /app/data/Ruthie901_Mills423_c8c2969a-32d7-9694-ce15-378ae4d66413.json
[INFO] 2025-06-26 00:39:36 - Processing file: /app/data/Loyd638_Russel238_0ae2b985-af6e-485e-f0c5-fe0006c366e3.json
[INFO] 2025-06-26 00:39:37 - Processing file: /app/data/Hans694_Littel644_e7ffd26a-48e5-f10e-5565-2f4e8b09ee45.json
[INFO] 2025-06-26 00:39:37 - Processing file: /app/data/Genevive999_Crist667_6dcdc387-88f9-758d-260c-4235ac7c269f.json
[INFO] 2025-06-26 00:39:37 - Processing file: /app/data/Delmar187_Lesch175_6a15a792-ed41-e1f3-b942-3c2bd4a01ad6.json
[INFO] 2025-06-26 00:39:37 - Processing file: /app/data/Maria750_Hessel84_a5ad8c5e-69af-ffe9-4de1-6e099852ff7d.json
[INFO] 2025-06-26 00:39:37 - Processing file: /app/data/Russell422_Walker122_4a627a30-b963-bd1c-58be-0499f24d9670.json
[INFO] 2025-06-26 00:39:37 - Processing file: /app/data/Luana867_Rath779_eb3007ac-5147-73e0-b6ad-20bbe8578a08.json
[INFO] 2025-06-26 00:39:37 - Processing file: /app/data/Beth967_Hansen121_4e343b0a-8698-b6dd-64c6-c2d2d0959e6e.json
[INFO] 2025-06-26 00:39:37 - Processing file: /app/data/Loyd638_Wiza601_0ae69ba4-c609-45cc-f172-d55bac5df41e.json
[INFO] 2025-06-26 00:39:37 - Processing file: /app/data/Kayce253_Gislason620_37905eb6-a01d-0e34-a274-27ada76d3ccc.json
[INFO] 2025-06-26 00:39:37 - Processing file: /app/data/Hans694_Fahey393_3635f0e6-d517-43f9-c4b2-61ea16a60fa3.json
[INFO] 2025-06-26 00:39:37 - Processing file: /app/data/Deedra511_Wilkinson796_cced3031-d98c-d870-5dce-f0086d8c7a34.json
[INFO] 2025-06-26 00:39:37 - Processing file: /app/data/Les282_Fritsch593_aad9d04b-bb30-2f47-d5dd-888b3b7bd831.json
[INFO] 2025-06-26 00:39:37 - Processing file: /app/data/María_José279_Adorno791_aa4eae2c-733a-35f9-8869-d33a6015db23.json
[INFO] 2025-06-26 00:39:37 - Processing file: /app/data/Bob965_Mohr916_f406a4e8-821b-0c9a-c8ec-09ad0f1fe9c6.json
[INFO] 2025-06-26 00:39:37 - Processing file: /app/data/Mariano761_Patiño436_4878889a-9b4f-22fc-7060-ed9f5c05940c.json
[INFO] 2025-06-26 00:39:37 - Processing file: /app/data/Bette450_Anderson154_6e4ac285-2a8d-a30d-5ecb-e32cb595a876.json
[INFO] 2025-06-26 00:39:38 - Processing file: /app/data/George991_Kassulke119_d8cb2b2b-fee1-36de-2e1e-0fda2ed1d991.json
[INFO] 2025-06-26 00:39:38 - Processing file: /app/data/Eveline832_Volkman526_bdb76eef-1faf-1ed7-d1ff-553d7df26fb3.json
[INFO] 2025-06-26 00:39:38 - Processing file: /app/data/Blanch844_Kuhlman484_a18edb30-e93c-8e9b-8e6a-95a651a24a36.json
[INFO] 2025-06-26 00:39:38 - Processing file: /app/data/Zane918_Schoen8_4995ca99-2ab9-3b18-a56e-c33d29e53af0.json
[INFO] 2025-06-26 00:39:38 - Processing file: /app/data/Rubi442_Labadie908_da6120a6-4557-7db3-b44c-43c38568c119.json
[INFO] 2025-06-26 00:39:38 - Processing file: /app/data/Lesli455_Champlin946_1d2875d4-f60d-df84-d3e1-12dbafa29bd4.json
[INFO] 2025-06-26 00:39:38 - Processing file: /app/data/Leonora414_Rogahn59_718f37a0-cb8f-fb74-03d3-c242033e7a81.json
[INFO] 2025-06-26 00:39:38 - Processing file: /app/data/Della552_Ratke343_b0f40536-9dc8-2ea0-0bbf-467a69f5e3ad.json
[INFO] 2025-06-26 00:39:38 - Processing file: /app/data/Jamey282_Hayes766_9c02362b-0a48-be5e-7296-e332e383ebd2.json
[INFO] 2025-06-26 00:39:38 - Processing file: /app/data/Delbert384_Farrell962_91cf58f9-191c-3a49-a979-2ca64e52c369.json
[INFO] 2025-06-26 00:39:38 - Processing file: /app/data/Abbey813_Price929_83524678-9bff-93b7-ef89-d7f5390072ff.json
[INFO] 2025-06-26 00:39:38 - Processing file: /app/data/Sandy901_Conn188_f38fe4a9-1634-144c-0147-53c0300c1561.json
[INFO] 2025-06-26 00:39:39 - Processing file: /app/data/Everett935_Littel644_8a3247d3-a54c-43f2-2c5d-a8f5e28ff588.json
[INFO] 2025-06-26 00:39:39 - Processing file: /app/data/Zachery872_Wyman904_37d57af4-d27f-fb97-9b5c-a1090f5a57b7.json
[INFO] 2025-06-26 00:39:39 - Processing file: /app/data/Leon728_Roberts511_67ae02d5-002b-6bba-1854-642eba13aa0f.json
[INFO] 2025-06-26 00:39:39 - Processing file: /app/data/Everette494_Jerde200_7b3071eb-aacb-0596-d7b5-4abcb83ac2f0.json
[INFO] 2025-06-26 00:39:39 - Processing file: /app/data/James276_Champlin946_4cef483d-6b1b-a284-b8fd-1de7f5aba0a4.json
[INFO] 2025-06-26 00:39:39 - Processing file: /app/data/Georgianna701_Ledner144_e9200276-eb25-ac87-e3bf-31de7e8d0b1e.json
[INFO] 2025-06-26 00:39:39 - Processing file: /app/data/Jan231_Tillman293_2a0033b8-bd24-be26-eb24-8d6d9616b74f.json
[INFO] 2025-06-26 00:39:39 - Processing file: /app/data/Luciano237_Turcotte120_4f0dc4bc-9ada-c8dd-31dc-ffcfbe80e186.json
[INFO] 2025-06-26 00:39:39 - Processing file: /app/data/Sandee884_Hodkiewicz467_15201e77-7e36-0667-73bc-013783e57649.json
[INFO] 2025-06-26 00:39:39 - Processing file: /app/data/Deena887_Fahey393_7c4e1f8e-29e4-f88f-095a-aa6a9f55e6de.json
[INFO] 2025-06-26 00:39:39 - Processing file: /app/data/Hank686_Ritchie586_35b42dc6-fcb1-4a74-1d90-4213afe5b285.json
[INFO] 2025-06-26 00:39:39 - Processing file: /app/data/Gilma310_Hahn503_0d55a582-07fe-a897-776c-3ab5e48cd457.json
[INFO] 2025-06-26 00:39:40 - Processing file: /app/data/Santiago500_Barton704_686e4b2e-1f8d-7018-c335-1604a300121b.json
[INFO] 2025-06-26 00:39:40 - Processing file: /app/data/Chase54_Crooks415_e5b7d947-da2b-9cf4-12a0-9eb2cf735330.json
[INFO] 2025-06-26 00:39:40 - Processing file: /app/data/Hans694_Fritsch593_9ce2b3c9-0f19-e01b-d789-5cb0609583e6.json
[INFO] 2025-06-26 00:39:40 - Processing file: /app/data/Chelsie189_Larson43_0f978b87-8054-e6d3-aa03-20e101ea37c0.json
[INFO] 2025-06-26 00:39:40 - Processing file: /app/data/Kazuko67_Dibbert990_f8e9efe2-62db-29a2-46be-c72bad056ca8.json
[INFO] 2025-06-26 00:39:40 - Saved SQL DDL to ./sql_tables/patient.sql
[INFO] 2025-06-26 00:39:40 - Saved Patient records to ./output/Patient_flat.csv
[INFO] 2025-06-26 00:39:40 - Inserting 79 rows into table `patient`
[INFO] 2025-06-26 00:39:51 - Inserted 79 rows into `patient`.
[INFO] 2025-06-26 00:39:51 - [Kazuko67_Dibbert990_f8e9efe2-62db-29a2-46be-c72bad056ca8.json] Verified row count for `patient`: 79 rows.
[INFO] 2025-06-26 00:39:51 - Saved Encounter records to ./output/Encounter_flat.csv
[INFO] 2025-06-26 00:39:51 - Inserting 4200 rows into table `encounter`
[INFO] 2025-06-26 00:39:57 - Inserted 4200 rows into `encounter`.
[INFO] 2025-06-26 00:39:57 - [Kazuko67_Dibbert990_f8e9efe2-62db-29a2-46be-c72bad056ca8.json] Verified row count for `encounter`: 4200 rows.
[INFO] 2025-06-26 00:39:58 - Saved Condition records to ./output/Condition_flat.csv
[INFO] 2025-06-26 00:39:58 - Inserting 2795 rows into table `condition`
[INFO] 2025-06-26 00:40:00 - Inserted 2795 rows into `condition`.
[INFO] 2025-06-26 00:40:00 - [Kazuko67_Dibbert990_f8e9efe2-62db-29a2-46be-c72bad056ca8.json] Verified row count for `condition`: 2795 rows.
[INFO] 2025-06-26 00:40:01 - Saved DiagnosticReport records to ./output/DiagnosticReport_flat.csv
[INFO] 2025-06-26 00:40:01 - Inserting 7269 rows into table `diagnosticreport`
[INFO] 2025-06-26 00:40:13 - Inserted 7269 rows into `diagnosticreport`.
[INFO] 2025-06-26 00:40:13 - [Kazuko67_Dibbert990_f8e9efe2-62db-29a2-46be-c72bad056ca8.json] Verified row count for `diagnosticreport`: 7269 rows.
[INFO] 2025-06-26 00:40:13 - Saved DocumentReference records to ./output/DocumentReference_flat.csv
[INFO] 2025-06-26 00:40:13 - Inserting 4200 rows into table `documentreference`
[INFO] 2025-06-26 00:40:23 - Inserted 4200 rows into `documentreference`.
[INFO] 2025-06-26 00:40:23 - [Kazuko67_Dibbert990_f8e9efe2-62db-29a2-46be-c72bad056ca8.json] Verified row count for `documentreference`: 4200 rows.
[INFO] 2025-06-26 00:40:24 - Saved Claim records to ./output/Claim_flat.csv
[INFO] 2025-06-26 00:40:24 - Inserting 7618 rows into table `claim`
[INFO] 2025-06-26 00:40:34 - Inserted 7618 rows into `claim`.
[INFO] 2025-06-26 00:40:34 - [Kazuko67_Dibbert990_f8e9efe2-62db-29a2-46be-c72bad056ca8.json] Verified row count for `claim`: 7618 rows.
[INFO] 2025-06-26 00:40:36 - Saved ExplanationOfBenefit records to ./output/ExplanationOfBenefit_flat.csv
[INFO] 2025-06-26 00:40:36 - Inserting 4200 rows into table `explanationofbenefit`
[INFO] 2025-06-26 00:41:01 - Inserted 4200 rows into `explanationofbenefit`.
[INFO] 2025-06-26 00:41:01 - [Kazuko67_Dibbert990_f8e9efe2-62db-29a2-46be-c72bad056ca8.json] Verified row count for `explanationofbenefit`: 4200 rows.
[INFO] 2025-06-26 00:41:01 - Saved CareTeam records to ./output/CareTeam_flat.csv
[INFO] 2025-06-26 00:41:01 - Inserting 278 rows into table `careteam`
[INFO] 2025-06-26 00:41:02 - Inserted 278 rows into `careteam`.
[INFO] 2025-06-26 00:41:02 - [Kazuko67_Dibbert990_f8e9efe2-62db-29a2-46be-c72bad056ca8.json] Verified row count for `careteam`: 278 rows.
[INFO] 2025-06-26 00:41:02 - Saved CarePlan records to ./output/CarePlan_flat.csv
[INFO] 2025-06-26 00:41:02 - Inserting 278 rows into table `careplan`
[INFO] 2025-06-26 00:41:03 - Inserted 278 rows into `careplan`.
[INFO] 2025-06-26 00:41:03 - [Kazuko67_Dibbert990_f8e9efe2-62db-29a2-46be-c72bad056ca8.json] Verified row count for `careplan`: 278 rows.
[INFO] 2025-06-26 00:41:03 - Saved MedicationRequest records to ./output/MedicationRequest_flat.csv
[INFO] 2025-06-26 00:41:03 - Inserting 3418 rows into table `medicationrequest`
[INFO] 2025-06-26 00:41:07 - Inserted 3418 rows into `medicationrequest`.
[INFO] 2025-06-26 00:41:07 - [Kazuko67_Dibbert990_f8e9efe2-62db-29a2-46be-c72bad056ca8.json] Verified row count for `medicationrequest`: 3418 rows.
[INFO] 2025-06-26 00:41:07 - Saved Device records to ./output/Device_flat.csv
[INFO] 2025-06-26 00:41:07 - Inserting 6 rows into table `device`
[INFO] 2025-06-26 00:41:07 - Inserted 6 rows into `device`.
[INFO] 2025-06-26 00:41:07 - [James276_Champlin946_4cef483d-6b1b-a284-b8fd-1de7f5aba0a4.json] Verified row count for `device`: 6 rows.
[INFO] 2025-06-26 00:41:10 - Saved Observation records to ./output/Observation_flat.csv
[INFO] 2025-06-26 00:41:10 - Inserting 21648 rows into table `observation`
[INFO] 2025-06-26 00:41:27 - Inserted 21648 rows into `observation`.
[INFO] 2025-06-26 00:41:27 - [Kazuko67_Dibbert990_f8e9efe2-62db-29a2-46be-c72bad056ca8.json] Verified row count for `observation`: 21648 rows.
[INFO] 2025-06-26 00:41:28 - Saved Procedure records to ./output/Procedure_flat.csv
[INFO] 2025-06-26 00:41:28 - Inserting 6193 rows into table `procedure`
[INFO] 2025-06-26 00:41:33 - Inserted 6193 rows into `procedure`.
[INFO] 2025-06-26 00:41:33 - [Kazuko67_Dibbert990_f8e9efe2-62db-29a2-46be-c72bad056ca8.json] Verified row count for `procedure`: 6193 rows.
[INFO] 2025-06-26 00:41:33 - Saved Immunization records to ./output/Immunization_flat.csv
[INFO] 2025-06-26 00:41:33 - Inserting 1030 rows into table `immunization`
[INFO] 2025-06-26 00:41:34 - Inserted 1030 rows into `immunization`.
[INFO] 2025-06-26 00:41:34 - [Kazuko67_Dibbert990_f8e9efe2-62db-29a2-46be-c72bad056ca8.json] Verified row count for `immunization`: 1030 rows.
[INFO] 2025-06-26 00:41:34 - Saved ImagingStudy records to ./output/ImagingStudy_flat.csv
[INFO] 2025-06-26 00:41:34 - Inserting 24 rows into table `imagingstudy`
[INFO] 2025-06-26 00:41:34 - Inserted 24 rows into `imagingstudy`.
[INFO] 2025-06-26 00:41:34 - [Kazuko67_Dibbert990_f8e9efe2-62db-29a2-46be-c72bad056ca8.json] Verified row count for `imagingstudy`: 24 rows.
[INFO] 2025-06-26 00:41:34 - Saved Provenance records to ./output/Provenance_flat.csv
[INFO] 2025-06-26 00:41:34 - Inserting 79 rows into table `provenance`
[INFO] 2025-06-26 00:41:37 - Inserted 79 rows into `provenance`.
[INFO] 2025-06-26 00:41:37 - [Kazuko67_Dibbert990_f8e9efe2-62db-29a2-46be-c72bad056ca8.json] Verified row count for `provenance`: 79 rows.
[INFO] 2025-06-26 00:41:37 - Saved SupplyDelivery records to ./output/SupplyDelivery_flat.csv
[INFO] 2025-06-26 00:41:37 - Inserting 156 rows into table `supplydelivery`
[INFO] 2025-06-26 00:41:37 - Inserted 156 rows into `supplydelivery`.
[INFO] 2025-06-26 00:41:37 - [Georgiana151_Jacobi462_e94401de-18ad-e190-9113-ee5ff31b1439.json] Verified row count for `supplydelivery`: 156 rows.
[INFO] 2025-06-26 00:41:38 - Saved Medication records to ./output/Medication_flat.csv
[INFO] 2025-06-26 00:41:38 - Inserting 18 rows into table `medication`
[INFO] 2025-06-26 00:41:38 - Inserted 18 rows into `medication`.
[INFO] 2025-06-26 00:41:38 - [Deena887_Fahey393_7c4e1f8e-29e4-f88f-095a-aa6a9f55e6de.json] Verified row count for `medication`: 18 rows.
[INFO] 2025-06-26 00:41:38 - Saved MedicationAdministration records to ./output/MedicationAdministration_flat.csv
[INFO] 2025-06-26 00:41:38 - Inserting 18 rows into table `medicationadministration`
[INFO] 2025-06-26 00:41:38 - Inserted 18 rows into `medicationadministration`.
[INFO] 2025-06-26 00:41:38 - [Deena887_Fahey393_7c4e1f8e-29e4-f88f-095a-aa6a9f55e6de.json] Verified row count for `medicationadministration`: 18 rows.
[INFO] 2025-06-26 00:41:38 - Saved AllergyIntolerance records to ./output/AllergyIntolerance_flat.csv
[INFO] 2025-06-26 00:41:38 - Inserting 57 rows into table `allergyintolerance`
[INFO] 2025-06-26 00:41:38 - Inserted 57 rows into `allergyintolerance`.
[INFO] 2025-06-26 00:41:38 - [Chelsie189_Larson43_0f978b87-8054-e6d3-aa03-20e101ea37c0.json] Verified row count for `allergyintolerance`: 57 rows.
[INFO] 2025-06-26 00:41:38 - MySQL connection is closed
